<?xml version="1.0" encoding="UTF-8"?>
<testsuite xmlns:xsi="http://www.w3.org/2001/XMLSchema-instance" xsi:noNamespaceSchemaLocation="https://maven.apache.org/surefire/maven-surefire-plugin/xsd/surefire-test-report.xsd" name="SetupClass.TestRun" time="881.695" tests="57" errors="0" skipped="0" failures="0">
  <properties>
[...]
</properties>
  <testcase name="Given user is already on Website Home Page 2CO" classname="Scenario: Test 2CO checkout" time="0.003"/>
  <testcase name="Then user navigates to sign up page 2CO" classname="Scenario: Test 2CO checkout" time="0"/>
  <testcase name="Then user create a new ac count 2CO" classname="Scenario: Test 2CO checkout" time="0"/>
  <testcase name="Then user is redirected to pricing page and choose a plan to pay 2CO" classname="Scenario: Test 2CO checkout" time="0"/>
  <testcase name="Then user is redirected to checkout page 2CO" classname="Scenario: Test 2CO checkout" time="0"/>
  <testcase name="Then user proceed to pay with 2CO 2CO" classname="Scenario: Test 2CO checkout" time="0"/>
  <testcase name="Then paypal popup appears and user navigates back to my account 2CO" classname="Scenario: Test 2CO checkout" time="0"/>
  <testcase name="Then user deleted the account 2CO" classname="Scenario: Test 2CO checkout" time="0"/>
  <testcase name="Scenario: Test 2CO checkout" classname="Scenario: Test 2CO checkout" time="0"/>
  <testcase name="Given user is already on sign in page efu" classname="Scenario: Test Sign in existing free user" time="0"/>
  <testcase name="Then user enter email and password efu" classname="Scenario: Test Sign in existing free user" time="0"/>
  <testcase name="Then user click on login button efu" classname="Scenario: Test Sign in existing free user" time="0"/>
  <testcase name="Then user go to free ppts page efu" classname="Scenario: Test Sign in existing free user" time="0"/>
  <testcase name="Then user download a free ppt" classname="Scenario: Test Sign in existing free user" time="0"/>
  <testcase name="Then User Logout from Website efu" classname="Scenario: Test Sign in existing free user" time="0"/>
  <testcase name="Scenario: Test Sign in existing free user" classname="Scenario: Test Sign in existing free user" time="0"/>
  <testcase name="Given user is already on sign in page epu" classname="Scenario: Test Sign in existing paid user" time="0"/>
  <testcase name="Then user enter email and password epu" classname="Scenario: Test Sign in existing paid user" time="0"/>
  <testcase name="Then user click on login button epu" classname="Scenario: Test Sign in existing paid user" time="0"/>
  <testcase name="Then user navigate to complete deck from account dashboard page" classname="Scenario: Test Sign in existing paid user" time="0"/>
  <testcase name="Then user download any product" classname="Scenario: Test Sign in existing paid user" time="0"/>
  <testcase name="Then User Logout from Website epu" classname="Scenario: Test Sign in existing paid user" time="0"/>
  <testcase name="Scenario: Test Sign in existing paid user" classname="Scenario: Test Sign in existing paid user" time="0"/>
  <testcase name="Given user is already on sign up page" classname="Scenario: Test Sign up with Incorrect Data" time="0"/>
  <testcase name="Then user enter incorrect data in the sign sig up form" classname="Scenario: Test Sign up with Incorrect Data" time="0"/>
  <testcase name="Then form is error message is displayed and form is not submitted" classname="Scenario: Test Sign up with Incorrect Data" time="0"/>
  <testcase name="Then enter new email to sign up" classname="Scenario: Test Sign up with Incorrect Data" time="0"/>
  <testcase name="Then User enter firstname and lastname to sign up" classname="Scenario: Test Sign up with Incorrect Data" time="0"/>
  <testcase name="Then user enter password and confirm password to sign up" classname="Scenario: Test Sign up with Incorrect Data" time="0"/>
  <testcase name="Then user enter captcha to sign up" classname="Scenario: Test Sign up with Incorrect Data" time="0"/>
  <testcase name="Then check checkbox to sign up" classname="Scenario: Test Sign up with Incorrect Data" time="0"/>
  <testcase name="Then user click on sign up button to sign up" classname="Scenario: Test Sign up with Incorrect Data" time="0"/>
  <testcase name="Then user is on pricing page" classname="Scenario: Test Sign up with Incorrect Data" time="0"/>
  <testcase name="Then user go to free ppts page" classname="Scenario: Test Sign up with Incorrect Data" time="0"/>
  <testcase name="Then user download a free product" classname="Scenario: Test Sign up with Incorrect Data" time="0"/>
  <testcase name="Then user delete the new account created" classname="Scenario: Test Sign up with Incorrect Data" time="0"/>
  <testcase name="Scenario: Test Sign up with Incorrect Data" classname="Scenario: Test Sign up with Incorrect Data" time="0.001"/>
  <testcase name="Given user is already on Website Home Page pp" classname="Scenario: Test paypal checkout" time="0"/>
  <testcase name="Then user navigates to sign up page pp" classname="Scenario: Test paypal checkout" time="0"/>
  <testcase name="Then user create a new ac count pp" classname="Scenario: Test paypal checkout" time="0"/>
  <testcase name="Then user is redirected to pricing page and choose a plan to pay pp" classname="Scenario: Test paypal checkout" time="0"/>
  <testcase name="Then user is redirected to checkout page pp" classname="Scenario: Test paypal checkout" time="0"/>
  <testcase name="Then user proceed to pay with paypal pp" classname="Scenario: Test paypal checkout" time="0"/>
  <testcase name="Then paypal popup appears and user navigates back to my account pp" classname="Scenario: Test paypal checkout" time="0"/>
  <testcase name="Then user deleted the account pp" classname="Scenario: Test paypal checkout" time="0"/>
  <testcase name="Scenario: Test paypal checkout" classname="Scenario: Test paypal checkout" time="0"/>
  <testcase name="Given user is already on sign up page cd" classname="Scenario: Test Sign up with correct Data" time="0"/>
  <testcase name="Then enter new email to sign up cd" classname="Scenario: Test Sign up with correct Data" time="0"/>
  <testcase name="Then User enter firstname and lastname to sign up cd" classname="Scenario: Test Sign up with correct Data" time="0"/>
  <testcase name="Then user enter password and confirm password to sign up cd" classname="Scenario: Test Sign up with correct Data" time="0"/>
  <testcase name="Then user enter captcha to sign up cd" classname="Scenario: Test Sign up with correct Data" time="0"/>
  <testcase name="Then check checkbox to sign up cd" classname="Scenario: Test Sign up with correct Data" time="0"/>
  <testcase name="Then user click on sign up button to sign up cd" classname="Scenario: Test Sign up with correct Data" time="0"/>
  <testcase name="Then user lands on pricing page and then user go to free ppts page cd" classname="Scenario: Test Sign up with correct Data" time="0"/>
  <testcase name="Then user download a free product cd" classname="Scenario: Test Sign up with correct Data" time="0"/>
  <testcase name="Then user delete the new account created cd" classname="Scenario: Test Sign up with correct Data" time="0"/>
  <testcase name="Scenario: Test Sign up with correct Data" classname="Scenario: Test Sign up with correct Data" time="0"/>
</testsuite>